87 0 3558 397
3348 6250 8651 7092
3558 111 10000 423
5767 1846 6293 3141
6503 1846 7165 3236
87 1447 5357 1702
7853 9492 9224 9813
5767 432 10000 570
8361 5059 10000 6160
6608 9070 7293 9813
7165 1702 7634 5017
87 1830 422 6146
6932 3960 7165 4110
5173 1846 5357 2272
87 423 5357 578
3544 1830 3988 6046
4392 3283 4668 3387
3349 7733 8545 8196
135 9813 9435 10000
9002 3579 10000 3914
0 8838 10000 8948
87 1702 5233 1830
6271 4110 7165 6119
3348 8196 8545 8502
7824 3914 10000 5059
2298 9168 3811 9813
7634 1702 7824 6177
4867 0 10000 111
5963 735 7165 1390
422 2022 2389 2501
0 7445 653 8502
984 3838 3544 5310
0 8601 10000 8838
5357 423 5767 3387
3988 3387 6271 6140
3348 7092 8545 7733
8545 7179 10000 8502
935 2501 1140 3740
0 0 87 7445
422 2501 935 5702
8651 6276 10000 7179
952 6177 10000 6250
1140 2501 3097 3838
4322 2272 5356 3283
87 578 5357 1447
653 6250 3348 8502
0 8502 10000 8601
7293 8948 10000 9492
2256 9246 2298 9813
1468 6140 6660 6177
