4288 8071 8049 8117
3642 3042 7037 3487
8539 1042 8574 8914
7798 1885 8019 7970
279 9376 10000 9406
5528 7489 6250 7970
2421 1278 3661 1889
0 9829 10000 9844
5309 1223 5507 1715
2629 2492 3642 3151
1046 2139 1104 3551
5657 8545 7216 8914
996 3916 1103 9171
1071 0 10000 75
1659 2139 7798 2271
2199 2492 2629 3518
1103 8914 8912 8996
7037 3770 7062 7334
1117 1042 5031 1278
0 9907 10000 10000
8603 1042 8645 8914
1846 8036 8049 8071
4816 256 9910 313
9910 104 10000 9048
6483 9614 10000 9788
12 5051 512 5831
6718 6184 7037 6204
2944 3916 3648 6596
3642 2492 7409 2833
4248 5561 4458 6596
3759 3916 3846 6596
7692 2280 7798 7970
1706 9039 3223 9171
0 3836 6626 3837
8154 1042 8210 8356
2199 2469 7692 2492
0 3607 4187 3812
540 613 9592 647
2943 3916 2944 7970
279 9731 6105 9788
0 3837 6143 3916
4187 3770 6626 3835
1071 181 9910 227
279 9788 10000 9823
3097 667 9316 813
2924 879 8912 1042
2944 6596 4694 6840
1846 7970 8019 8036
279 9844 10000 9907
0 3812 761 3813
8574 4296 8603 8914
8210 1042 8329 7060
124 2637 176 3006
5031 1042 5335 1223
8416 1042 8473 8443
2944 3487 7160 3518
4434 2833 7037 3042
7415 4646 7692 7970
7409 2492 7692 4410
540 667 794 2051
8049 1042 8154 8356
1071 813 9316 837
9308 7364 9500 8937
6828 476 9456 579
279 8932 549 9170
0 249 1883 613
512 9171 9500 9267
12 5831 310 6705
3971 3916 4074 6596
1071 2051 7798 2139
8266 7060 8329 7715
8368 1042 8414 8443
2101 8100 4288 8309
6250 7334 7062 7970
6143 3875 6626 5654
1104 3518 6626 3607
279 9406 9500 9413
3565 6982 6250 7489
1659 2271 2199 3518
4074 4410 4830 5561
5513 1042 8049 1885
4081 3916 4700 4410
8414 1042 8416 8443
1707 8519 1790 8914
9604 3069 9756 9376
884 3916 917 9171
9756 5915 9910 8953
1846 7192 2727 7970
1117 2139 1659 2627
8019 1885 8049 8036
1194 9267 9500 9364
0 9823 10000 9829
3558 6982 3565 7970
5140 3916 5545 3977
279 9302 1194 9364
8473 1042 8539 7166
2199 2280 7692 2469
917 4803 996 9171
6915 8117 8049 8356
3661 1885 7798 2051
4194 1278 4768 1478
9790 2400 9910 2563
279 9364 9500 9376
5570 313 9910 476
8883 1042 8912 7224
9316 667 9456 4603
2199 5772 2533 7192
0 3835 6626 3836
3298 8996 8912 9171
8645 7224 9182 8914
4187 3607 7121 3770
8734 1042 8843 7223
3846 3916 3971 6596
2944 6840 7037 6856
9456 647 9604 5237
540 2139 699 3281
1071 104 9910 181
1280 9628 1464 9731
0 3916 12 8853
7062 4410 7415 7561
1846 5106 1930 7192
9130 837 9316 7224
5286 8356 8263 8443
176 613 540 3275
0 8853 279 9823
1071 227 9910 249
1883 256 2505 373
1117 8443 8539 8514
3648 3916 3759 6596
279 9413 9500 9518
8843 6512 8883 7224
7261 2949 7409 4104
7062 7561 7296 7970
1071 879 2924 935
8329 1042 8368 8443
9500 5811 9604 9376
2944 6856 7037 6982
1071 837 9130 879
4247 8309 5177 8443
6626 3770 7037 4408
8912 879 9130 7224
1071 75 10000 104
12 7130 423 8256
2533 4093 2943 7192
5622 3916 6091 6840
794 647 1046 2721
1117 4351 1846 8379
1117 8379 4247 8443
6091 3916 6143 5648
0 647 124 3281
3886 8514 5657 8914
1071 647 9456 667
1464 9518 6483 9731
