9751058.265462346 904802224
9516066.096824382 919005561
9286153.667765006 922023392
9064169.753128987 910489880
8842629.712983841 923738228
8623442.699801145 909539140
8409719.540152801 913995239
8203826.075197147 927312420
8005043.220825036 923987223
7809233.864910013 914449004
7617854.598137295 923795992
7432373.332851223 928151342
7250682.769475197 924931665
7073556.039583126 921149189
6900971.94162284 928462888
6732596.397562372 918962826
6568484.024564045 924032617
6409816.328417222 932506110
6254326.5364234345 920829349
6100647.500766234 920520473
5952325.163728635 927800806
5807400.450383925 931955683
5666222.765467451 924080197
5528179.429821511 925133713
5395098.486674782 936538443
5265112.725196304 924883825
5138296.323315808 916787165
5013724.479870572 922825021
4892270.295905562 932736202
4773372.708186167 930690660
4658567.665320538 936970654
4545795.489511311 936252081
4435076.568416421 924592296
4328287.085792438 930740354
4222227.286649614 926574760
4119215.4168744357 929102185
4019443.487464247 936693086
3922909.510009071 932435960
3828083.176965991 936108339
3736224.529675845 933515508
3646774.962590339 930374807
3560633.641739102 936101920
3476666.906317357 928961597
3393452.8813198246 937203587
3311873.9066920574 928187181
3234323.778287694 918434108
3159033.664117319 928404285
3087875.364498095 929442704
3021550.0370619907 933952087
2950481.294200511 932961606
2878581.0665978924 930808575
2808408.7044456876 927513485
2742445.241830677 933194277
2678026.6680658003 935002763
2615621.965648479 934070092
2554741.9263115786 933691885
2495804.7843775554 934210143
2425424.061710332 938128946
2362059.0892428863 939557194
2306219.8816169505 940368541
2251476.201836229 942176967
2197636.0567187816 943494753
2145080.553293302 940386738
2094209.2356033844 944362452
2045122.0589882433 943826660
1997823.4953269893 942118712
1952527.188148003 943189788
1908149.420164038 941877649
1864875.740409638 942222617
1822583.4362957948 941397022
1781646.3772716227 942077262
1743172.2060146215 942806279
1704059.5830109597 940268836
1666048.2575958774 943113302
1623966.5460681345 941391851
1589653.3416909762 943269595
1556245.6641493978 941201729
1523170.956923928 943361290
1488542.357430315 943361290
1455439.5334042343 944364315
1423353.8530802557 943284243
1391609.5944480198 943584818
1360767.781108708 943340322
1330979.2914772849 941391851
1301284.3975901976 943171169
1272404.6785332717 943332184
1244951.0300316496 943819401
1218282.863733541 944321747
1193470.9199363056 944003806
1167786.344626212 944284728
1142154.4451482168 945093332
1116640.0490997005 943900186
1092842.1173914212 942394875
1068998.3601582677 945069688
1045427.3952306941 944061201
1022159.7201682843 945050764
999462.058838946 944437342
977419.1421654535 943394697
955917.9777819497 944088647
934753.3899189989 944321747
914231.5001409865 945069688
894172.0428976192 945310900
874484.6997374608 943894326
855291.370337114 944581982
836478.4281099938 945643321
817903.657871992 942451957
799909.6373673913 945277593
781594.4115934668 945277593
764958.8679272748 945138414
748315.1670682328 945261650
731897.5948431224 944548576
716193.6274847208 943894326
700861.5543063653 944012773
685814.849864208 944498116
671228.1518148493 944334811
656938.3807830836 945277593
643034.0371966354 944729555
629316.6700259313 944526145
615934.7110144548 943165309
602316.9720490166 945277593
589917.6230686745 945501121
577776.6007960499 945287355
565450.758180602 945039532
552993.6507113213 945294228
540810.798572262 945299059
529226.0599245325 945275304
517957.82092339307 944565126
506965.7315802845 945460072
496068.7251217466 945484368
485414.81875442417 945093922
475103.4075721937 945269931
465008.2541949419 942917447
455204.1574359642 945477088
445423.5926205181 945667228
435931.6997912464 944567111
426589.7539081724 944913138
417515.1652472457 945117735
408566.25313484593 945275634
399897.7958831544 944560247
391136.6357536983 945286641
382615.6151442658 945281007
374559.3669339243 945406432
366152.95825421595 945248188
358031.8352383409 945384560
350200.81551992946 944829598
342720.559067208 946269846
335799.8621956839 946300881
328972.77156396443 945887213
322292.5155069181 946269846
315766.277891331 946269846
309318.52086111903 946269846
303162.19384286896 945924795
297021.85335063573 945887128
291034.9966474524 946300881
285172.6041141595 945887128
279359.0223071873 946269846
273673.96305657533 945887213
268159.13913399016 946300881
262793.52536597895 946110740
257461.49650714174 946300881
252295.0893474641 946300881
247156.27286052925 946300881
242168.48398678194 945887213
237266.210190953 946300796
232356.10848670677 946110740
227508.59602817328 946300881
222901.67813269206 946300881
218394.5806472273 946488211
213977.26587651813 946079705
209683.09602430713 946300881
205433.3786979198 946079705
201272.66843858457 946300881
197205.99269838203 945887213
193189.11781601506 945887213
189290.7389864167 945887128
185408.4034402397 945887213
181710.08994204068 945883624
177944.84349469925 946300796
174298.0499086614 946300881
170770.03389541092 946300796
167336.23169602407 946300881
163964.44512075692 946300881
160649.43901829867 946300796
157420.3427016236 946300881
154252.35803399945 946110740
151165.108597598 946110740
148091.94381673852 946110740
145111.49433883277 946110740
142200.57550245328 946300881
139328.96831472704 946300881
136637.3725438417 945856178
133843.7607762063 946110740
131306.69607851183 946110740
128693.52955023502 946300796
125991.62505314201 946300796
123443.03420018635 946300796
120951.70541487093 946300796
118511.68081250317 946300881
116106.13737123356 946300881
113729.04488185966 946300881
111414.98714601145 946300881
109155.92280219399 946300796
106896.10909012373 946300881
104670.69335676922 946300881
102525.1338899941 946300881
100447.59001785898 946300881
98440.24697999792 946300796
96466.3813044228 946300881
94524.77373150074 946300881
92632.71319327022 946300796
90823.58445479342 946300881
88987.47609498227 946269846
87206.19522050145 946300796
85441.93878053845 946300796
81726.61662415754 946110740
79925.50883656909 946110655
78339.2140637182 946300881
76793.41236725902 946300796
75291.62514600197 946300881
73829.6602256574 946300881
72389.34550492036 946300796
70971.30252440838 946300881
69571.94932469775 946300796
68177.77214506872 946300796
66839.34200559427 946300796
65514.46902354075 946300796
64223.584337801796 946300796
62898.94239746477 946300881
61665.086281877106 946300796
60462.94974877459 946300881
59277.09597130414 946300881
58112.39481598765 946300881
56981.164299863005 946300796
55870.46896919803 946300796
54746.94821943571 946300881
53642.026829453156 946300881
52546.28727762888 946300796
51479.14103741689 946300881
50437.925142137494 946300796
49351.24144378775 946300881
48272.661138289215 946300881
47245.283183915184 946300796
46263.22994974779 946300881
45276.66192797292 946300796
44314.56434455942 946300881
43369.73920937561 946300881
42450.16591479333 946300796
41555.29726890968 946300796
40692.69431287488 946300796
39843.34863498877 946300796
39033.87105518644 946300796
38229.05846187643 946300796
37396.56337366197 946300881
36584.88438519567 946300881
35810.43276153896 946300796
35041.19235512075 946300796
34277.605137271086 946300796
33538.34819860405 946300881
32817.64152025161 946300881
32149.106507194854 946300796
31485.96358468533 946300796
30803.503726975418 946300881
30143.279410657506 946300796
29500.30426178529 946300796
28866.908544698013 946300796
28260.672951357734 946300796
27684.59161922346 946300796
27073.096153134895 946300796
26491.752946824843 946300796
25927.30486000249 946300796
25364.266941070982 946300796
24812.64772719633 946300796
24282.038516241686 946300796
23753.99496056421 946300796
23243.915408675723 946300881
22671.606335623073 946300796
22182.078116358778 946300796
21697.55883517414 946300796
21229.626868740692 946300881
20765.99464076293 946300796
20320.955714206488 946300796
19879.44073938003 946300796
19451.138739983435 946300881
19027.801346085755 946300796
18618.553359553847 946300796
18242.920828410475 946300796
17879.768933382744 946300796
17517.032700064676 946300796
17146.4890964575 946300881
16786.6401979224 946300881
16438.50078802805 946300796
16083.077461816572 946300796
15744.033701190192 946300881
15419.105650235499 946300796
15105.175557828978 946300796
14791.165795701614 946300796
14486.784331619498 946300796
14173.573971707998 946300796
13871.966574006941 946300796
13582.604308681517 946300796
13289.185635722102 946300881
13000.956048253105 946300796
12731.040483141773 946300796
12465.779825570646 946300796
12215.502615071846 946300796
11969.184022385769 946300796
11734.137197635531 946300796
11508.796465989413 946300796
11289.422810857473 946300881
11080.158460887405 946300796
10875.293608675696 946300796
10660.626193296668 946300796
10450.376717544807 946300796
10240.620901860571 946300796
10033.337604392105 946300796
10000.908499137005 946300796
